[Dec 26, 2021 4:24:46][ServerSync] INFO: Root dir: /root/mctno
[Dec 26, 2021 4:24:46][ServerSync] INFO: Running version: v4.1.0
[Dec 26, 2021 4:24:46][ServerSync] INFO: Loading language file: zh_CN
[Dec 26, 2021 4:24:46][ServerSync] INFO: Starting server in mode: 2
[Dec 26, 2021 4:24:46][ServerSync] INFO: Starting scan for managed files: Dec 26, 2021
[Dec 26, 2021 4:24:46][ServerSync] INFO: Ignore patterns: {
  **/serversync-*.jar
  **/serversync-*.cfg
}
[Dec 26, 2021 4:24:46][ServerSync] INFO: Server configured to push client only mods, clients can still refuse these mods!
[Dec 26, 2021 4:24:46][ServerSync] FINE: Included files: {
  mods/buildcraft-all-7.99.24.8.jar, Pattern: mods/**
  mods/theoneprobe-1.12-1.4.28.jar, Pattern: mods/**
  mods/topaddons-1.12.2-1.13.0.jar, Pattern: mods/**
  mods/alternatingflux-0.12.2-2.jar, Pattern: mods/**
  mods/i18nupdatemod-1.12.2-1.1.0.jar, Pattern: mods/**
  mods/RebornCore-1.12.2-3.19.4.529-universal.jar, Pattern: mods/**
  mods/Mekanism-1.12.2-9.8.3.390.jar, Pattern: mods/**
  mods/MekanismTools-1.12.2-9.8.3.390.jar, Pattern: mods/**
  mods/OpenBlocks-1.12.2-1.8.1.jar, Pattern: mods/**
  mods/CoFHWorld-1.12.2-1.4.0.1-universal(1).jar, Pattern: mods/**
  mods/ThermalExpansion-1.12.2-5.5.7.1-universal(1).jar, Pattern: mods/**
  mods/sonarcore-1.12.2-5.0.19-20.jar, Pattern: mods/**
  mods/TechReborn-1.12.2-2.27.3.1084-universal.jar, Pattern: mods/**
  mods/MekanismGenerators-1.12.2-9.8.3.390.jar, Pattern: mods/**
  mods/NuclearCraft-2.18y-1.12.2.jar, Pattern: mods/**
  mods/jepb-1.12-1.2.1.jar, Pattern: mods/**
  mods/JustEnoughResources-1.12.2-0.9.2.60.jar, Pattern: mods/**
  mods/JustEnoughCharacters-1.12.0-3.4.7.jar, Pattern: mods/**
  mods/jeiintegration_1.12.2-1.6.0.jar, Pattern: mods/**
  mods/MCMultiPart-2.5.3.jar, Pattern: mods/**
  mods/practicallogistics2-1.12.2-3.0.8-11(1).jar, Pattern: mods/**
  mods/fluidict-1.2.jar, Pattern: mods/**
  mods/CoFHCore-1.12.2-4.6.6.1-universal(1).jar, Pattern: mods/**
  mods/glassential-1.12.2-1.1.0(1).jar, Pattern: mods/**
  mods/OpenModsLib-1.12.2-0.12.2.jar, Pattern: mods/**
  mods/Controlling-3.0.10.jar, Pattern: mods/**
  mods/extrautils2-1.12-1.9.9.jar, Pattern: mods/**
  mods/ImmersiveEngineering-0.12-98(2).jar, Pattern: mods/**
  mods/VanillaFix-1.0.10-150.jar, Pattern: mods/**
  mods/pneumaticcraft-repressurized-1.12.2-0.11.15-398(1).jar, Pattern: mods/**
  mods/appliedenergistics2-rv6-stable-7.jar, Pattern: mods/**
  mods/NoMoreRecipeConflict-0.13(1.12.2).jar, Pattern: mods/**
  mods/CodeChickenLib-1.12.2-3.2.3.358-universal.jar, Pattern: mods/**
  mods/industrialcraft-2-2.8.221-ex112.jar, Pattern: mods/**
  mods/jei_1.12.2-4.15.0.297.jar, Pattern: mods/**
  mods/RedstoneFlux-1.12-2.1.1.1-universal(1).jar, Pattern: mods/**
  mods/ThermalDynamics-1.12.2-2.5.6.1-universal(1).jar, Pattern: mods/**
  mods/ThermalFoundation-1.12.2-2.6.7.1-universal(1).jar, Pattern: mods/**
  mods/memory_repo/TechReborn/TechReborn-ModCompatibility-1.12.2/1.4.0.76/TechReborn-ModCompatibility-1.12.2-1.4.0.76.jar.meta, Pattern: mods/**
  mods/memory_repo/TechReborn/TechReborn-ModCompatibility-1.12.2/1.4.0.76/TechReborn-ModCompatibility-1.12.2-1.4.0.76.jar, Pattern: mods/**
  mods/memory_repo/blusunrize/ImmersiveEngineering-core/0.12-98/ImmersiveEngineering-core-0.12-98.jar.meta, Pattern: mods/**
  mods/memory_repo/blusunrize/ImmersiveEngineering-core/0.12-98/ImmersiveEngineering-core-0.12-98.jar, Pattern: mods/**
  servers.dat, Pattern: servers.dat
  bg/123.jpg, Pattern: bg/**
  bg/193.jpg, Pattern: bg/**
  bg/86.jpg, Pattern: bg/**
  bg/27.jpg, Pattern: bg/**
  bg/2.jpg, Pattern: bg/**
  bg/28.jpg, Pattern: bg/**
  bg/140.jpg, Pattern: bg/**
  bg/127.jpg, Pattern: bg/**
  bg/116.jpg, Pattern: bg/**
  bg/138.jpg, Pattern: bg/**
  bg/148.jpg, Pattern: bg/**
  bg/65.jpg, Pattern: bg/**
  bg/182.jpg, Pattern: bg/**
  bg/175.jpg, Pattern: bg/**
  bg/189.jpg, Pattern: bg/**
  bg/88.jpg, Pattern: bg/**
  bg/144.jpg, Pattern: bg/**
  bg/179.jpg, Pattern: bg/**
  bg/176.jpg, Pattern: bg/**
  bg/121.jpg, Pattern: bg/**
  bg/64.jpg, Pattern: bg/**
  bg/61.jpg, Pattern: bg/**
  bg/94.jpg, Pattern: bg/**
  bg/198.jpg, Pattern: bg/**
  bg/81.jpg, Pattern: bg/**
  bg/20.jpg, Pattern: bg/**
  bg/98.jpg, Pattern: bg/**
  bg/14.jpg, Pattern: bg/**
  bg/162.jpg, Pattern: bg/**
  bg/195.jpg, Pattern: bg/**
  bg/128.jpg, Pattern: bg/**
  bg/177.jpg, Pattern: bg/**
  bg/114.jpg, Pattern: bg/**
  bg/180.jpg, Pattern: bg/**
  bg/137.jpg, Pattern: bg/**
  bg/200.jpg, Pattern: bg/**
  bg/150.jpg, Pattern: bg/**
  bg/154.jpg, Pattern: bg/**
  bg/1.jpg, Pattern: bg/**
  bg/104.jpg, Pattern: bg/**
  bg/102.jpg, Pattern: bg/**
  bg/30.jpg, Pattern: bg/**
  bg/55.jpg, Pattern: bg/**
  bg/59.jpg, Pattern: bg/**
  bg/82.jpg, Pattern: bg/**
  bg/159.jpg, Pattern: bg/**
  bg/39.jpg, Pattern: bg/**
  bg/161.jpg, Pattern: bg/**
  bg/87.jpg, Pattern: bg/**
  bg/3.jpg, Pattern: bg/**
  bg/80.jpg, Pattern: bg/**
  bg/54.jpg, Pattern: bg/**
  bg/192.jpg, Pattern: bg/**
  bg/103.jpg, Pattern: bg/**
  bg/7.jpg, Pattern: bg/**
  bg/44.jpg, Pattern: bg/**
  bg/37.jpg, Pattern: bg/**
  bg/8.jpg, Pattern: bg/**
  bg/126.jpg, Pattern: bg/**
  bg/13.jpg, Pattern: bg/**
  bg/21.jpg, Pattern: bg/**
  bg/111.jpg, Pattern: bg/**
  bg/6.jpg, Pattern: bg/**
  bg/110.jpg, Pattern: bg/**
  bg/174.jpg, Pattern: bg/**
  bg/153.jpg, Pattern: bg/**
  bg/68.jpg, Pattern: bg/**
  bg/156.jpg, Pattern: bg/**
  bg/45.jpg, Pattern: bg/**
  bg/71.jpg, Pattern: bg/**
  bg/108.jpg, Pattern: bg/**
  bg/165.jpg, Pattern: bg/**
  bg/18.jpg, Pattern: bg/**
  bg/188.jpg, Pattern: bg/**
  bg/183.jpg, Pattern: bg/**
  bg/139.jpg, Pattern: bg/**
  bg/149.jpg, Pattern: bg/**
  bg/49.jpg, Pattern: bg/**
  bg/50.jpg, Pattern: bg/**
  bg/79.jpg, Pattern: bg/**
  bg/47.jpg, Pattern: bg/**
  bg/130.jpg, Pattern: bg/**
  bg/173.jpg, Pattern: bg/**
  bg/62.jpg, Pattern: bg/**
  bg/23.jpg, Pattern: bg/**
  bg/163.jpg, Pattern: bg/**
  bg/199.jpg, Pattern: bg/**
  bg/31.jpg, Pattern: bg/**
  bg/40.jpg, Pattern: bg/**
  bg/57.jpg, Pattern: bg/**
  bg/122.jpg, Pattern: bg/**
  bg/187.jpg, Pattern: bg/**
  bg/42.jpg, Pattern: bg/**
  bg/169.jpg, Pattern: bg/**
  bg/77.jpg, Pattern: bg/**
  bg/36.jpg, Pattern: bg/**
  bg/66.jpg, Pattern: bg/**
  bg/141.jpg, Pattern: bg/**
  bg/46.jpg, Pattern: bg/**
  bg/43.jpg, Pattern: bg/**
  bg/53.jpg, Pattern: bg/**
  bg/151.jpg, Pattern: bg/**
  bg/15.jpg, Pattern: bg/**
  bg/132.jpg, Pattern: bg/**
  bg/143.jpg, Pattern: bg/**
  bg/181.jpg, Pattern: bg/**
  bg/85.jpg, Pattern: bg/**
  bg/92.jpg, Pattern: bg/**
  bg/178.jpg, Pattern: bg/**
  bg/109.jpg, Pattern: bg/**
  bg/105.jpg, Pattern: bg/**
  bg/124.jpg, Pattern: bg/**
  bg/197.jpg, Pattern: bg/**
  bg/91.jpg, Pattern: bg/**
  bg/113.jpg, Pattern: bg/**
  bg/164.jpg, Pattern: bg/**
  bg/75.jpg, Pattern: bg/**
  bg/58.jpg, Pattern: bg/**
  bg/60.jpg, Pattern: bg/**
  bg/5.jpg, Pattern: bg/**
  bg/11.jpg, Pattern: bg/**
  bg/35.jpg, Pattern: bg/**
  bg/120.jpg, Pattern: bg/**
  bg/70.jpg, Pattern: bg/**
  bg/32.jpg, Pattern: bg/**
  bg/78.jpg, Pattern: bg/**
  bg/84.jpg, Pattern: bg/**
  bg/146.jpg, Pattern: bg/**
  bg/142.jpg, Pattern: bg/**
  bg/101.jpg, Pattern: bg/**
  bg/190.jpg, Pattern: bg/**
  bg/133.jpg, Pattern: bg/**
  bg/186.jpg, Pattern: bg/**
  bg/99.jpg, Pattern: bg/**
  bg/134.jpg, Pattern: bg/**
  bg/89.jpg, Pattern: bg/**
  bg/168.jpg, Pattern: bg/**
  bg/24.jpg, Pattern: bg/**
  bg/10.jpg, Pattern: bg/**
  bg/17.jpg, Pattern: bg/**
  bg/129.jpg, Pattern: bg/**
  bg/51.jpg, Pattern: bg/**
  bg/135.jpg, Pattern: bg/**
  bg/25.jpg, Pattern: bg/**
  bg/41.jpg, Pattern: bg/**
  bg/56.jpg, Pattern: bg/**
  bg/67.jpg, Pattern: bg/**
  bg/83.jpg, Pattern: bg/**
  bg/69.jpg, Pattern: bg/**
  bg/191.jpg, Pattern: bg/**
  bg/171.jpg, Pattern: bg/**
  bg/96.jpg, Pattern: bg/**
  bg/112.jpg, Pattern: bg/**
  bg/196.jpg, Pattern: bg/**
  bg/167.jpg, Pattern: bg/**
  bg/115.jpg, Pattern: bg/**
  bg/33.jpg, Pattern: bg/**
  bg/26.jpg, Pattern: bg/**
  bg/38.jpg, Pattern: bg/**
  bg/95.jpg, Pattern: bg/**
  bg/136.jpg, Pattern: bg/**
  bg/9.jpg, Pattern: bg/**
  bg/48.jpg, Pattern: bg/**
  bg/119.jpg, Pattern: bg/**
  bg/172.jpg, Pattern: bg/**
  bg/19.jpg, Pattern: bg/**
  bg/157.jpg, Pattern: bg/**
  bg/76.jpg, Pattern: bg/**
  bg/106.jpg, Pattern: bg/**
  bg/72.jpg, Pattern: bg/**
  bg/100.jpg, Pattern: bg/**
  bg/160.jpg, Pattern: bg/**
  bg/29.jpg, Pattern: bg/**
  bg/73.jpg, Pattern: bg/**
  bg/12.jpg, Pattern: bg/**
  bg/74.jpg, Pattern: bg/**
  bg/158.jpg, Pattern: bg/**
  bg/52.jpg, Pattern: bg/**
  bg/185.jpg, Pattern: bg/**
  bg/16.jpg, Pattern: bg/**
  bg/34.jpg, Pattern: bg/**
  bg/184.jpg, Pattern: bg/**
  bg/90.jpg, Pattern: bg/**
  bg/147.jpg, Pattern: bg/**
  bg/125.jpg, Pattern: bg/**
  bg/118.jpg, Pattern: bg/**
  bg/93.jpg, Pattern: bg/**
  bg/63.jpg, Pattern: bg/**
  bg/22.jpg, Pattern: bg/**
  bg/152.jpg, Pattern: bg/**
  bg/97.jpg, Pattern: bg/**
  bg/155.jpg, Pattern: bg/**
  bg/145.jpg, Pattern: bg/**
  bg/170.jpg, Pattern: bg/**
  bg/117.jpg, Pattern: bg/**
  bg/131.jpg, Pattern: bg/**
  bg/107.jpg, Pattern: bg/**
  bg/166.jpg, Pattern: bg/**
  bg/194.jpg, Pattern: bg/**
  bg/4.jpg, Pattern: bg/**
  config/theoneprobe.cfg, Pattern: config/theoneprobe.cfg
}
[Dec 26, 2021 4:24:46][ServerSync] FINE: Ignored files: {
  
}
[Dec 26, 2021 4:24:49][ServerSync] INFO: Manifest files: {
  FileEntry{path='mods/buildcraft-all-7.99.24.8.jar', hash='c8b0e0ae0cd52e8217185e8e6e603d37c95158d9e3701c1dae7bb927cee6b4ec', redirectTo=''}
  FileEntry{path='mods/theoneprobe-1.12-1.4.28.jar', hash='f3e5048dbe58f37f98f8130886ede880ac5b3333ee73cae2381c337e500c4bd1', redirectTo=''}
  FileEntry{path='mods/topaddons-1.12.2-1.13.0.jar', hash='d29f313101f814caa15c589ad1352579922ac588fc11500af2fabeeefbcc70a2', redirectTo=''}
  FileEntry{path='mods/alternatingflux-0.12.2-2.jar', hash='4b26ffacaaf01382158a412fbb9ffe43f7ec6a172dd3e2f496a3b8c141438211', redirectTo=''}
  FileEntry{path='mods/i18nupdatemod-1.12.2-1.1.0.jar', hash='b1f5d6f9ae725944ac6bb5e2e699c5444a2f15c3eaaccc3b1edeb5b2a7818b35', redirectTo=''}
  FileEntry{path='mods/RebornCore-1.12.2-3.19.4.529-universal.jar', hash='b6d11200c5ec66b0031ef4e635ac0203a23cba6b21f046d402d41e3375798667', redirectTo=''}
  FileEntry{path='mods/Mekanism-1.12.2-9.8.3.390.jar', hash='17573e0c3b2ff9d071a719a06a84c8cd89ca26d1ea3bd7f6e9f3842c4df88ea1', redirectTo=''}
  FileEntry{path='mods/MekanismTools-1.12.2-9.8.3.390.jar', hash='bbfbe3b0e5237b068e296f6503472252ce36463b67191bc6eb267b68e74adda3', redirectTo=''}
  FileEntry{path='mods/OpenBlocks-1.12.2-1.8.1.jar', hash='fbf81a96f87c609feb0d03933398fdf4bd8b24bc18119f4642e42b30580950fc', redirectTo=''}
  FileEntry{path='mods/CoFHWorld-1.12.2-1.4.0.1-universal(1).jar', hash='f10cd57075690ecbe52094f8af0d2a5af12f89c82b7c6eb73d3d090d74206ea0', redirectTo=''}
  FileEntry{path='mods/ThermalExpansion-1.12.2-5.5.7.1-universal(1).jar', hash='f1cc8aeefcda2c00235bfb5ee7f76d731325aa324e90e84d7d232d88c1e6f472', redirectTo=''}
  FileEntry{path='mods/sonarcore-1.12.2-5.0.19-20.jar', hash='d3c5c5c1e3e09c6c7b49fc6505aad57c1ca0e76a8e5396acabf6123e8c96fa58', redirectTo=''}
  FileEntry{path='mods/TechReborn-1.12.2-2.27.3.1084-universal.jar', hash='7782b39168dfaf75b54bc95e4784878b1b60625a13cd5854e4bde15e87925e63', redirectTo=''}
  FileEntry{path='mods/MekanismGenerators-1.12.2-9.8.3.390.jar', hash='2bc1f1b8601abd40180eab9666e34a947d1be9e9b878ffd788d4b44e7713313c', redirectTo=''}
  FileEntry{path='mods/NuclearCraft-2.18y-1.12.2.jar', hash='1e4f7d787f4c8350eaaf1527571d6da44cc08d1ab008970786487edebbdebf5a', redirectTo=''}
  FileEntry{path='mods/jepb-1.12-1.2.1.jar', hash='1d4841af1f9988651f8174f0b1e90b5d8effa86f41490c987348f9e57527b01b', redirectTo=''}
  FileEntry{path='mods/JustEnoughResources-1.12.2-0.9.2.60.jar', hash='9ea4d7df19c0a53880aae5e745ef1e886854bea5c533878688587a5e3fdaebdd', redirectTo=''}
  FileEntry{path='mods/JustEnoughCharacters-1.12.0-3.4.7.jar', hash='f58d88b0934d47d2339274a3dad44546ffb1675cc647e5997b6e37980f064f5d', redirectTo=''}
  FileEntry{path='mods/jeiintegration_1.12.2-1.6.0.jar', hash='b072944ed22907db480bea91b0660924d3dcef266e6501de236d08c45d07dc19', redirectTo=''}
  FileEntry{path='mods/MCMultiPart-2.5.3.jar', hash='ce28db33cfdca80c98dfbb2e5928a5f090477897fa6d28a37300d5564617fde2', redirectTo=''}
  FileEntry{path='mods/practicallogistics2-1.12.2-3.0.8-11(1).jar', hash='05e6598c37f432f02224d36c7f2e69aa9595c8b4fa48fe0c037367d47e625027', redirectTo=''}
  FileEntry{path='mods/fluidict-1.2.jar', hash='b3b1d9aeddc25d1db94046707ed34ce53b4300b6c233ae7674df41272fd97cc0', redirectTo=''}
  FileEntry{path='mods/CoFHCore-1.12.2-4.6.6.1-universal(1).jar', hash='e07b0c48def9ce8cfaa4cf7a7c656bf7f7d6815f74fbcc2957dd43efa78486a9', redirectTo=''}
  FileEntry{path='mods/glassential-1.12.2-1.1.0(1).jar', hash='cf89547ef65a696f2d9d0760c5f5f30a71fe3e178121c5791b475c4814e93ac4', redirectTo=''}
  FileEntry{path='mods/OpenModsLib-1.12.2-0.12.2.jar', hash='47a2428297213cb3f6b3b75fe1604b002e1f5e4412a2ce77c362bf598e15a877', redirectTo=''}
  FileEntry{path='mods/Controlling-3.0.10.jar', hash='1c2c4c1ef36a35f9f8f1e56494fbbe12a8a790d3740c0d50b9023742a3739117', redirectTo=''}
  FileEntry{path='mods/extrautils2-1.12-1.9.9.jar', hash='6c1809eb2222604ebf3c051e1c7834b84049013b537633c2e5a1b0077ef9a940', redirectTo=''}
  FileEntry{path='mods/ImmersiveEngineering-0.12-98(2).jar', hash='1dceb974d037dae7161f9a8e9f78cb33dfaad9e3adf02d14d52a3024eb961e58', redirectTo=''}
  FileEntry{path='mods/VanillaFix-1.0.10-150.jar', hash='267bd0cd995d95ee55c4c201076525c529d0275a51ce1e43c247f0f9ba894fcc', redirectTo=''}
  FileEntry{path='mods/pneumaticcraft-repressurized-1.12.2-0.11.15-398(1).jar', hash='60f89392326325db7228dc96c3ef6285bcd475f7a067755488be2bf6acbdb78a', redirectTo=''}
  FileEntry{path='mods/appliedenergistics2-rv6-stable-7.jar', hash='e7f7fbf6caaf6206dbd958fb8f9185f874a405289e62ae3e97209b455a89fb1a', redirectTo=''}
  FileEntry{path='mods/NoMoreRecipeConflict-0.13(1.12.2).jar', hash='6a021aa8bf091d82781deb3b4ecc272d6fd29d02962c2eb48a6c3a739332dde8', redirectTo=''}
  FileEntry{path='mods/CodeChickenLib-1.12.2-3.2.3.358-universal.jar', hash='5f8499f7ee2590e45110bbf296b2bf101aec15897e28d5e9759cf8f2387d8a74', redirectTo=''}
  FileEntry{path='mods/industrialcraft-2-2.8.221-ex112.jar', hash='9ffb0ca27e779b1531a9502e581f9dcb13917d0a3e127bf4e1513ce4fedeaab0', redirectTo=''}
  FileEntry{path='mods/jei_1.12.2-4.15.0.297.jar', hash='7ad20fe2b4d608dac2bc0e816fb1b7e7bdfe4a2b3d88cf11f0772d41965dce56', redirectTo=''}
  FileEntry{path='mods/RedstoneFlux-1.12-2.1.1.1-universal(1).jar', hash='6ff7f96d076bfaad83fb6ba92ec457b8a76391439663b0cc32a9ec5398345280', redirectTo=''}
  FileEntry{path='mods/ThermalDynamics-1.12.2-2.5.6.1-universal(1).jar', hash='ce3f08c8a0f36ba02fceafa47f25e80c7130727bd8e11206b37a4454d51da3b0', redirectTo=''}
  FileEntry{path='mods/ThermalFoundation-1.12.2-2.6.7.1-universal(1).jar', hash='5052f3e308b3ecb6620d26c5ab0cc15c0373732086337483a19fd4447e540ab0', redirectTo=''}
  FileEntry{path='mods/memory_repo/TechReborn/TechReborn-ModCompatibility-1.12.2/1.4.0.76/TechReborn-ModCompatibility-1.12.2-1.4.0.76.jar.meta', hash='fe113eb43ebebcdbe1d2ea9c79ad45c90bfcacd2139542d9f6e44ef375283686', redirectTo=''}
  FileEntry{path='mods/memory_repo/TechReborn/TechReborn-ModCompatibility-1.12.2/1.4.0.76/TechReborn-ModCompatibility-1.12.2-1.4.0.76.jar', hash='4c32deb0cf594b217214dd26deb696b7c5ec83a09df7b0e319f80603a5b24e08', redirectTo=''}
  FileEntry{path='mods/memory_repo/blusunrize/ImmersiveEngineering-core/0.12-98/ImmersiveEngineering-core-0.12-98.jar.meta', hash='1824ecdd0d6968fc0a9b78d2d19efc04b23786dc0eef2788bf57932265edf82c', redirectTo=''}
  FileEntry{path='mods/memory_repo/blusunrize/ImmersiveEngineering-core/0.12-98/ImmersiveEngineering-core-0.12-98.jar', hash='a36f7fe0b2971df39bc7f14df3e5fb13695025a60d32b865e8f5c06659d552c2', redirectTo=''}
  FileEntry{path='servers.dat', hash='c6d6922a0f792055d6fc91188b66817c39b0d687b4d4d60cb43c424764cf7f08', redirectTo=''}
  FileEntry{path='bg/123.jpg', hash='a873bd6b81c7cfe88bf63175e80d94f877694ff322173bb1f149e2028134c07c', redirectTo=''}
  FileEntry{path='bg/193.jpg', hash='1ab210f37ea74620baf2b85768de1c2f35ec0ffaf140cfca1e35148bbbed3930', redirectTo=''}
  FileEntry{path='bg/86.jpg', hash='b7f06d3a3761c128d3e52e13f4e384823ab93febb83767f4439e998851fad782', redirectTo=''}
  FileEntry{path='bg/27.jpg', hash='ef3fab0d2ba86660103c08b6dad1d175345d3d094c426c589cb3e5ec8436378b', redirectTo=''}
  FileEntry{path='bg/2.jpg', hash='8a0f9b351830b03e823ded70d2d69b37acc331785bd477b1ecef78652d1eda72', redirectTo=''}
  FileEntry{path='bg/28.jpg', hash='f0a57ac6bbf769d0c36f5c97fa7d9f3d109bdf231fd7b8dc4c2494dd0226ddae', redirectTo=''}
  FileEntry{path='bg/140.jpg', hash='6f6f46945a83b9ee67ad4d2b94a8d710dc1037cfae2b19a02479966fe745b43d', redirectTo=''}
  FileEntry{path='bg/127.jpg', hash='434c116516989e6463210ec844add8821e5423b236298f409a5fe7cd5194244d', redirectTo=''}
  FileEntry{path='bg/116.jpg', hash='6dd3115bd344bb928f8bc86073f725017a74a224a61e00924f39e8553607a5fd', redirectTo=''}
  FileEntry{path='bg/138.jpg', hash='bd2572e18fc9fe625f15b94a6360957649ef7e30b935a5c30530bb7ec87237f7', redirectTo=''}
  FileEntry{path='bg/148.jpg', hash='c72a0b2dbbd59610149f3d35404ac48c0dd83fa77d90f61c3d246c7581a6fea6', redirectTo=''}
  FileEntry{path='bg/65.jpg', hash='a03424bd0903d82aa3daf0460aba5b35ebf4be82dfc8f7139912271161b66bdc', redirectTo=''}
  FileEntry{path='bg/182.jpg', hash='18e14783f95274c792f98c764d63b49f99a2ebe2a7848294a25e24803cc7f9c6', redirectTo=''}
  FileEntry{path='bg/175.jpg', hash='aae5e91b52e595a3f00774eeb6dcb17b5788a23e0c13df466425655224411a87', redirectTo=''}
  FileEntry{path='bg/189.jpg', hash='b307fc64f3e76eb4735b4571bf0d1275b5d58588bff61a41a01ba3fa8b2c6eeb', redirectTo=''}
  FileEntry{path='bg/88.jpg', hash='1fbc85fe503768247b205e8067f1d454f3bd9e0bafaaebeba94166faaa167aae', redirectTo=''}
  FileEntry{path='bg/144.jpg', hash='2104c2059284c9a8c39b60d942ef69cbdf47d420541c1434a6c1891d228352dd', redirectTo=''}
  FileEntry{path='bg/179.jpg', hash='3f0042d43261ba79773c22d5efcc7e308de7f6f7ea95ee1d8f0d848d42432db8', redirectTo=''}
  FileEntry{path='bg/176.jpg', hash='0796a765039a549fa65c930f2d7a90e110370fd1588815a94644330da729a185', redirectTo=''}
  FileEntry{path='bg/121.jpg', hash='0c5afca2a9acc2f67e221c34b66e74aab9454d7b96c924a3943025fc77c4928d', redirectTo=''}
  FileEntry{path='bg/64.jpg', hash='f25f3b30c1d8dfdd7d5f6397ee609edf73f78d47595b8b6de733edba2108725f', redirectTo=''}
  FileEntry{path='bg/61.jpg', hash='544c2843d0bd6fb3439af31c66a138dbe939148fa6bf614285bab3015ac3872d', redirectTo=''}
  FileEntry{path='bg/94.jpg', hash='80aab8465657780d35393aeef3e61f8c2cf3bfb5b502ef1b102091fb7060d9c3', redirectTo=''}
  FileEntry{path='bg/198.jpg', hash='1dfca29c162fca60b881543cb478966ad6362128c907b32ba5ec6afc5c91eb05', redirectTo=''}
  FileEntry{path='bg/81.jpg', hash='3eb7f11aee65b9b3df431d71f1bfce0ec0c65b26d4983d15f5ee9edfe27d44ec', redirectTo=''}
  FileEntry{path='bg/20.jpg', hash='0796a765039a549fa65c930f2d7a90e110370fd1588815a94644330da729a185', redirectTo=''}
  FileEntry{path='bg/98.jpg', hash='06fbdc50f4196f9b85338727a0898cbf607b55cc950f292b6a523ab2cca4ccb9', redirectTo=''}
  FileEntry{path='bg/14.jpg', hash='b40adfda2f62c5f8605fc3a908a9deeb0e972bf9b1ce0583c9fb19cc156b4f96', redirectTo=''}
  FileEntry{path='bg/162.jpg', hash='e533ef5d6085f6988161540b68a90e6ef43e7924f691b04ad6484b96ed3b3b08', redirectTo=''}
  FileEntry{path='bg/195.jpg', hash='619ca5f54c6d2da5dd8ff9aaed25ba1b581ee90cc36290336d327fb5173ab87b', redirectTo=''}
  FileEntry{path='bg/128.jpg', hash='4bdc1875cd8eafff757e7b7b3061b615f3d58eac487d41206eb16b0395f885d6', redirectTo=''}
  FileEntry{path='bg/177.jpg', hash='9b0f687f936f30163cc109400ae36c82cc2ff03a31ee86abdf20502dff9715ea', redirectTo=''}
  FileEntry{path='bg/114.jpg', hash='45ae667d52c81b4eddd6b36a3644832e5186795322d7843b7cfe17f3ef29bb90', redirectTo=''}
  FileEntry{path='bg/180.jpg', hash='1dfca29c162fca60b881543cb478966ad6362128c907b32ba5ec6afc5c91eb05', redirectTo=''}
  FileEntry{path='bg/137.jpg', hash='a4b55fcb2f330d9e1546eb08299446bd2ec6fbd1474950610aad22dfe2b86136', redirectTo=''}
  FileEntry{path='bg/200.jpg', hash='880259bd908c70286212c6bb0f050e8db2ab497f43d02d6b698568aaf1a78438', redirectTo=''}
  FileEntry{path='bg/150.jpg', hash='97e8520d1d7aad6c5995cb8701a2b2f20effbe8f346cf9478c642bfa65fabc50', redirectTo=''}
  FileEntry{path='bg/154.jpg', hash='98b3c99643728b0175a382100f18bc838773fa297173867673c78d6a4b42df32', redirectTo=''}
  FileEntry{path='bg/1.jpg', hash='1fbc85fe503768247b205e8067f1d454f3bd9e0bafaaebeba94166faaa167aae', redirectTo=''}
  FileEntry{path='bg/104.jpg', hash='e661404d28ec061199777946aa7e031e3baeadc81e04c35ea1c1201847f04ed4', redirectTo=''}
  FileEntry{path='bg/102.jpg', hash='a0640971ad0f50c8e1b9fef2045ea06a49365938f2fddde0ce5eae9c0322a998', redirectTo=''}
  FileEntry{path='bg/30.jpg', hash='46ba56db09bad3c367a42ed057095607d9def326b6225e5f86676ffcf55fcdef', redirectTo=''}
  FileEntry{path='bg/55.jpg', hash='4fdcbb663033ad7d9f822cf5a16c50308bb0b82748b515584f0ca98b75190a50', redirectTo=''}
  FileEntry{path='bg/59.jpg', hash='b40adfda2f62c5f8605fc3a908a9deeb0e972bf9b1ce0583c9fb19cc156b4f96', redirectTo=''}
  FileEntry{path='bg/82.jpg', hash='ea27e464e372ecfc1fb80c5bfbda33c7a9d6e3e2dec4eddef37f2e4fbec1733b', redirectTo=''}
  FileEntry{path='bg/159.jpg', hash='c4d00d12ada2036b4e5db5acf67913e35837fe89f79a336c1fb0e95f139c99fc', redirectTo=''}
  FileEntry{path='bg/39.jpg', hash='38c86b3cf3cdcb2b608dd2be356acd9705a2e959f6eacf000dcd88b6953bec8a', redirectTo=''}
  FileEntry{path='bg/161.jpg', hash='ced93959cb27d08ac7565daffb4a050c0ce5c10a606c3d5de29b3d8a546abda9', redirectTo=''}
  FileEntry{path='bg/87.jpg', hash='3945be0460796abb434a3b260c5826189955ee7acd01b1c139233f5b9ba7a193', redirectTo=''}
  FileEntry{path='bg/3.jpg', hash='97e1a7f50200b2bf7a253a6671b6b1f8269658b3687ed6119ddd9743bb505359', redirectTo=''}
  FileEntry{path='bg/80.jpg', hash='6d31258e95bf30215db1e4be852900899f684004e0b8b6012d1bdc25e04704b3', redirectTo=''}
  FileEntry{path='bg/54.jpg', hash='0ce695d38647d4d0f4ed9cd25801dce3896db53a9209155c39262d5c7f24cd94', redirectTo=''}
  FileEntry{path='bg/192.jpg', hash='c84b846015d43ede417ad307647f60a55c15c3fff6ddeeffadd566cb5670411e', redirectTo=''}
  FileEntry{path='bg/103.jpg', hash='18b840cf303318935dabc03ad47d26089ded4e7a6294f555976e30a09e87cd8c', redirectTo=''}
  FileEntry{path='bg/7.jpg', hash='3c52e1541a2e6b73c0bc118cb8ff6837c056a46997cdbfa8468aee3012dc788a', redirectTo=''}
  FileEntry{path='bg/44.jpg', hash='f7f2e8a84b45e5615c136d6dc84611fddf19e6b373be662f87b5c660dd5c6365', redirectTo=''}
  FileEntry{path='bg/37.jpg', hash='037e3c6ca73473b9eb7300b2184443b16c788b0b59f0d854a68ff96f4ea803bf', redirectTo=''}
  FileEntry{path='bg/8.jpg', hash='0a18e586d3433c507a9c092fd9cde5fd682c0969f6f283b72b832dd2ac829d64', redirectTo=''}
  FileEntry{path='bg/126.jpg', hash='450a13869b56c3a0fb6a142bafc42318bff270d0402c0188473ec9741ba5d7d4', redirectTo=''}
  FileEntry{path='bg/13.jpg', hash='f3bf224aa4e882938348858127a1f5e6d4248fdee11ba6a7af9a3bf3a629e309', redirectTo=''}
  FileEntry{path='bg/21.jpg', hash='1c4dbfb59a35e0168f2c37025da1d624768c25d66378ca69825d706a6250fcd7', redirectTo=''}
  FileEntry{path='bg/111.jpg', hash='434c116516989e6463210ec844add8821e5423b236298f409a5fe7cd5194244d', redirectTo=''}
  FileEntry{path='bg/6.jpg', hash='3e0bb4bf23c4f2968fd639c05a02befdc3387b68578c6d2e60566d8e8acb5a10', redirectTo=''}
  FileEntry{path='bg/110.jpg', hash='122d2c370b43e01c46bb4701ec8097ef9405fcaf149eedcffab350dc69fbbac1', redirectTo=''}
  FileEntry{path='bg/174.jpg', hash='c4d00d12ada2036b4e5db5acf67913e35837fe89f79a336c1fb0e95f139c99fc', redirectTo=''}
  FileEntry{path='bg/153.jpg', hash='1a510d0dd23134b12fda6eb592a6b801e529d4eaafa3176004f6f36e5c338237', redirectTo=''}
  FileEntry{path='bg/68.jpg', hash='8dd7e864073c8821534ff7e7dbfc7119e01d5265efc17b76927229941a1ed1f0', redirectTo=''}
  FileEntry{path='bg/156.jpg', hash='bf39d7f8f03f3d76f0d80277ad8791dc9f36ca067dcac1dca4fe4c70415bdf83', redirectTo=''}
  FileEntry{path='bg/45.jpg', hash='6d31258e95bf30215db1e4be852900899f684004e0b8b6012d1bdc25e04704b3', redirectTo=''}
  FileEntry{path='bg/71.jpg', hash='0796a765039a549fa65c930f2d7a90e110370fd1588815a94644330da729a185', redirectTo=''}
  FileEntry{path='bg/108.jpg', hash='ae8da4162ba2abff3364ad580aa3ce0f4b1ab41d7784494a97e3fe612f458f2a', redirectTo=''}
  FileEntry{path='bg/165.jpg', hash='8f14b7995bf27a34d841e36b88cb83b5c672b7506bae93fbf0cd08799fa0e81e', redirectTo=''}
  FileEntry{path='bg/18.jpg', hash='a4b0e69f66c388a5c7c3712e835f209104bba07182713aea75244bf1f3475f8b', redirectTo=''}
  FileEntry{path='bg/188.jpg', hash='eecea5bcf9d31533efc3855119ab1728fe9489fc4a7404a5b22c783275bd7a2a', redirectTo=''}
  FileEntry{path='bg/183.jpg', hash='47c48f6925ebd4d213d2cafe60b17b7d518c6695162b1c6815f8a805c792135b', redirectTo=''}
  FileEntry{path='bg/139.jpg', hash='62e08093145f70098d3bd51c4a597c4ec375e7a948e2ba27e676db859df16641', redirectTo=''}
  FileEntry{path='bg/149.jpg', hash='50989ab4515bc791ea8cf8f93f6e3076a8fd1abfe9484f28a649156fa0587f83', redirectTo=''}
  FileEntry{path='bg/49.jpg', hash='b8c16eae0c80844c8dbc83497915837ca74682d8c92b3667564c19607af6bafe', redirectTo=''}
  FileEntry{path='bg/50.jpg', hash='fc1d3a686d81e814693f61e8b93911d74cd40980c32e4a6d180db01a51b36890', redirectTo=''}
  FileEntry{path='bg/79.jpg', hash='38c86b3cf3cdcb2b608dd2be356acd9705a2e959f6eacf000dcd88b6953bec8a', redirectTo=''}
  FileEntry{path='bg/47.jpg', hash='5dc132f1718e8577f4b1f1dbae5782c99fc9c1c82036b1c686ae2bab39e38a17', redirectTo=''}
  FileEntry{path='bg/130.jpg', hash='78390eacb0149ae92c4c9ca5aedf5b3fd106515aabaaa66d197e5f1a1ac1dd1e', redirectTo=''}
  FileEntry{path='bg/173.jpg', hash='f620803d004c8c906e6c9ca0ce759f2db3800b4bc8094835ef889387af20a379', redirectTo=''}
  FileEntry{path='bg/62.jpg', hash='3e0bb4bf23c4f2968fd639c05a02befdc3387b68578c6d2e60566d8e8acb5a10', redirectTo=''}
  FileEntry{path='bg/23.jpg', hash='78390eacb0149ae92c4c9ca5aedf5b3fd106515aabaaa66d197e5f1a1ac1dd1e', redirectTo=''}
  FileEntry{path='bg/163.jpg', hash='c6a737e151487f96be97380658761258d47487d7fb5b465db9ddb66c90ff604a', redirectTo=''}
  FileEntry{path='bg/199.jpg', hash='f7b9adb120b90732dad6bb0a98ec90337da869a57c3250bfb8b026edbdd59803', redirectTo=''}
  FileEntry{path='bg/31.jpg', hash='fc1d3a686d81e814693f61e8b93911d74cd40980c32e4a6d180db01a51b36890', redirectTo=''}
  FileEntry{path='bg/40.jpg', hash='4fdcbb663033ad7d9f822cf5a16c50308bb0b82748b515584f0ca98b75190a50', redirectTo=''}
  FileEntry{path='bg/57.jpg', hash='46ba56db09bad3c367a42ed057095607d9def326b6225e5f86676ffcf55fcdef', redirectTo=''}
  FileEntry{path='bg/122.jpg', hash='36cffb8381ab08465791c8556b1d536f8516537ee88b48f3c24924a6d0a41b7b', redirectTo=''}
  FileEntry{path='bg/187.jpg', hash='69e4bca04a537e6b1d70682aea2cfed72525f3dd8099b219444980877d0e0601', redirectTo=''}
  FileEntry{path='bg/42.jpg', hash='f0d7707dec853b67a3558a28834fad563df58adc349aac08bb2729982af79181', redirectTo=''}
  FileEntry{path='bg/169.jpg', hash='22966d0c619a5334c579dc087f663cbcbe8820cc23faa81093fe1933e368924f', redirectTo=''}
  FileEntry{path='bg/77.jpg', hash='f620803d004c8c906e6c9ca0ce759f2db3800b4bc8094835ef889387af20a379', redirectTo=''}
  FileEntry{path='bg/36.jpg', hash='6d31258e95bf30215db1e4be852900899f684004e0b8b6012d1bdc25e04704b3', redirectTo=''}
  FileEntry{path='bg/66.jpg', hash='ebd6e122ee2da974b045aff2669420001254c3d30f0a554a05a60d65b4a24721', redirectTo=''}
  FileEntry{path='bg/141.jpg', hash='21dc10eddd8ac03a5e4fc75d7e029b31386cd78b86c9eaf2eda352b0e4e022bf', redirectTo=''}
  FileEntry{path='bg/46.jpg', hash='8b207860107b7b85dbb1804b4b29223c157b72ac9a2857d8118a380b0078b927', redirectTo=''}
  FileEntry{path='bg/43.jpg', hash='864d58200ed6472952343cb9acca22076730dd5fcd928e7908c14babec66ed52', redirectTo=''}
  FileEntry{path='bg/53.jpg', hash='6e7d38a204b9051936b8a1441e3dec893dc21f47394803f3f72b0507cb6cbdda', redirectTo=''}
  FileEntry{path='bg/151.jpg', hash='0f9994c44f3297dd9084e0309d151f268686f4a0211ad6d7493c5767114d042a', redirectTo=''}
  FileEntry{path='bg/15.jpg', hash='ed9777360f1399d550c31378ae83b20c9299d855a9f90e6675946d73a55eded9', redirectTo=''}
  FileEntry{path='bg/132.jpg', hash='8717b9ab46476f803e0bf5609397c87389eeafc5dd341b068e55953de5d6d895', redirectTo=''}
  FileEntry{path='bg/143.jpg', hash='4c61746dd827197127c46ba9e8cd669a6fb51bd3cbca73d73e077f2e5a1211f4', redirectTo=''}
  FileEntry{path='bg/181.jpg', hash='ec326a92c563d0685d07144f6a4878a834cd0422e128c0ad2722e6f973a6115c', redirectTo=''}
  FileEntry{path='bg/85.jpg', hash='d3a7f321a37f088ede8ca886adb32dd7892f62feb3bedcc7f29330d89986263d', redirectTo=''}
  FileEntry{path='bg/92.jpg', hash='b2b3af137defd3c8b112a3f6f5bea1f32c06ee19aa7e57bd9c4d2b5d8ee76356', redirectTo=''}
  FileEntry{path='bg/178.jpg', hash='d4c92968155321e9ae6bff9582a01be2e385a3e53faba94e6532186a12e967b6', redirectTo=''}
  FileEntry{path='bg/109.jpg', hash='14951ad87074662f894c01d3e9599eeae7748cb6e31144240cc35dee9d7b870d', redirectTo=''}
  FileEntry{path='bg/105.jpg', hash='f4969d1a485d1eb21ba946c05c32881872f0b45df26a7a24ddcd4ac3822a7b93', redirectTo=''}
  FileEntry{path='bg/124.jpg', hash='28cd0c0bcddc1dbadc654363fd3beedc29d279290241a395439de17ccae8d68b', redirectTo=''}
  FileEntry{path='bg/197.jpg', hash='8f186154adc3e64d573834f6624d12b2b89f8acb3a0a2de26d15bfaa6f1f5433', redirectTo=''}
  FileEntry{path='bg/91.jpg', hash='8475893b9d90d7b6da8017aa909df843b83297e445c186a4a0417709b09d355a', redirectTo=''}
  FileEntry{path='bg/113.jpg', hash='7f3684145e8469c09f7ac9644f5508280209ffeb44675cc3e77e98896196562d', redirectTo=''}
  FileEntry{path='bg/164.jpg', hash='21ffbde0f421b3a5bb07450755cb240ab742b1a5a9ff22c11409d7e029a22d9d', redirectTo=''}
  FileEntry{path='bg/75.jpg', hash='bee6fb884ec6d06ea1200179101f5ab7c7ecdc2b0979c9d48eb5d2cecdc53998', redirectTo=''}
  FileEntry{path='bg/58.jpg', hash='4c61746dd827197127c46ba9e8cd669a6fb51bd3cbca73d73e077f2e5a1211f4', redirectTo=''}
  FileEntry{path='bg/60.jpg', hash='e295a540917b718b30a3715bed3e5d2cd3767fce155663120df6a46c70dbaa0b', redirectTo=''}
  FileEntry{path='bg/5.jpg', hash='81caf49ccdb1163a997f1edbe8f8ca23dc2043e89d01ef27431dcc6c8b91bd25', redirectTo=''}
  FileEntry{path='bg/11.jpg', hash='0c98e07406e85166a0046dd75a08fac55d347eb50c81724bca23adb5ba1f4fd9', redirectTo=''}
  FileEntry{path='bg/35.jpg', hash='493ad19bb318caaac449ccf7eb244fa0b54e3c7fabe08d1a07571a8797088fe2', redirectTo=''}
  FileEntry{path='bg/120.jpg', hash='aac563a7049fe0ee475ab27d46603a60fadfedcfc3883ef4886f3a028eca9781', redirectTo=''}
  FileEntry{path='bg/70.jpg', hash='1fbc85fe503768247b205e8067f1d454f3bd9e0bafaaebeba94166faaa167aae', redirectTo=''}
  FileEntry{path='bg/32.jpg', hash='122d2c370b43e01c46bb4701ec8097ef9405fcaf149eedcffab350dc69fbbac1', redirectTo=''}
  FileEntry{path='bg/78.jpg', hash='6085d787688d82962eaf8853a34ac9b5ed1048abbac55d5c4f8310b16d1a1720', redirectTo=''}
  FileEntry{path='bg/84.jpg', hash='03c8e822d1cfa56c767557f62763821f6485b7a0cc6c689c0b9837f31d70b26f', redirectTo=''}
  FileEntry{path='bg/146.jpg', hash='62e08093145f70098d3bd51c4a597c4ec375e7a948e2ba27e676db859df16641', redirectTo=''}
  FileEntry{path='bg/142.jpg', hash='aae5e91b52e595a3f00774eeb6dcb17b5788a23e0c13df466425655224411a87', redirectTo=''}
  FileEntry{path='bg/101.jpg', hash='690ff9f195a945b5bda292a0efa26d8aa6be9fd72fc0d2a77e8a752d4899de63', redirectTo=''}
  FileEntry{path='bg/190.jpg', hash='f8f7b2bd0698010596b8f1b1ae10287e08d32ea0eb993fa158ad868d4433207f', redirectTo=''}
  FileEntry{path='bg/133.jpg', hash='8f14b7995bf27a34d841e36b88cb83b5c672b7506bae93fbf0cd08799fa0e81e', redirectTo=''}
  FileEntry{path='bg/186.jpg', hash='89f9b2897ce21499233dd5fa18964a91f4a2aaf85943a3fac11dbd2d96ed6a6b', redirectTo=''}
  FileEntry{path='bg/99.jpg', hash='2ac3b5584e78a93aa5c58775d44690c42c6ef1c73bc006e11260d67c4b9c2e1a', redirectTo=''}
  FileEntry{path='bg/134.jpg', hash='99d86a9874194e1a39c336b70c2ac10b1d5f1862dd5880cc76f08f6f8db3a95a', redirectTo=''}
  FileEntry{path='bg/89.jpg', hash='69e4bca04a537e6b1d70682aea2cfed72525f3dd8099b219444980877d0e0601', redirectTo=''}
  FileEntry{path='bg/168.jpg', hash='e533ef5d6085f6988161540b68a90e6ef43e7924f691b04ad6484b96ed3b3b08', redirectTo=''}
  FileEntry{path='bg/24.jpg', hash='fdff42a4b829d3780a0ca46811a095aab20170d4ed4f30502818ea5a25b6c0fd', redirectTo=''}
  FileEntry{path='bg/10.jpg', hash='139dff710a87b35ac64d477dccf6ce79b1076f6b3553fac8d1920bd3f548df73', redirectTo=''}
  FileEntry{path='bg/17.jpg', hash='fdff42a4b829d3780a0ca46811a095aab20170d4ed4f30502818ea5a25b6c0fd', redirectTo=''}
  FileEntry{path='bg/129.jpg', hash='62f85e628290cc175081f9387117ddccd0ad7321bf75ffa553d1a3ffcb1df41d', redirectTo=''}
  FileEntry{path='bg/51.jpg', hash='98b3c99643728b0175a382100f18bc838773fa297173867673c78d6a4b42df32', redirectTo=''}
  FileEntry{path='bg/135.jpg', hash='943f0b7dd07bbd546bacb9e8d88a52306ebb345755d39cf062b9a6d36a769273', redirectTo=''}
  FileEntry{path='bg/25.jpg', hash='8d97a186201cb16b9a6759d5cfeedfd12276b7d8544e3f8017f18c1d155f7dac', redirectTo=''}
  FileEntry{path='bg/41.jpg', hash='d063376796b6be98308504bb2dff6c5247b5279c601fac048685c4f3f2926011', redirectTo=''}
  FileEntry{path='bg/56.jpg', hash='2ac3b5584e78a93aa5c58775d44690c42c6ef1c73bc006e11260d67c4b9c2e1a', redirectTo=''}
  FileEntry{path='bg/67.jpg', hash='6e7d38a204b9051936b8a1441e3dec893dc21f47394803f3f72b0507cb6cbdda', redirectTo=''}
  FileEntry{path='bg/83.jpg', hash='7373b13687ddd726eb19eb599d459bd0e891387b4933679778731be478a1181a', redirectTo=''}
  FileEntry{path='bg/69.jpg', hash='d4c92968155321e9ae6bff9582a01be2e385a3e53faba94e6532186a12e967b6', redirectTo=''}
  FileEntry{path='bg/191.jpg', hash='2206cedf1e9f902ec8ab8c6c5b4d41571b3b21033b31b20868457c5cbcf18d7d', redirectTo=''}
  FileEntry{path='bg/171.jpg', hash='10328c73af91abdecc6bd3c3c9d7ad1fdc5e4ae77f734778834759c0483de15a', redirectTo=''}
  FileEntry{path='bg/96.jpg', hash='58a2e64404e05fbad25b663cc0d76c689488f33a8a29a2683a8943f9ef5ed2d5', redirectTo=''}
  FileEntry{path='bg/112.jpg', hash='cf1bdea9a25faece391748106f3e8e9140bf60cd2638bfd981e11cba165cdacb', redirectTo=''}
  FileEntry{path='bg/196.jpg', hash='ab693eeb13f14ef2c65d355a7e247ef191dc6a811e36c6d1b3de78bcaa28bce2', redirectTo=''}
  FileEntry{path='bg/167.jpg', hash='97e1a7f50200b2bf7a253a6671b6b1f8269658b3687ed6119ddd9743bb505359', redirectTo=''}
  FileEntry{path='bg/115.jpg', hash='57e66b9115b81a07325c92dbe719326af24ec85dfc0a62913db5f55b91955ecc', redirectTo=''}
  FileEntry{path='bg/33.jpg', hash='a03424bd0903d82aa3daf0460aba5b35ebf4be82dfc8f7139912271161b66bdc', redirectTo=''}
  FileEntry{path='bg/26.jpg', hash='f620803d004c8c906e6c9ca0ce759f2db3800b4bc8094835ef889387af20a379', redirectTo=''}
  FileEntry{path='bg/38.jpg', hash='864d58200ed6472952343cb9acca22076730dd5fcd928e7908c14babec66ed52', redirectTo=''}
  FileEntry{path='bg/95.jpg', hash='87f02f268a0110ccd3daaf799521589487042121419757ac33d7e78a8463ddc0', redirectTo=''}
  FileEntry{path='bg/136.jpg', hash='cecf7175d2cbd3ed56026f72c7d3daddad97dd059d3f6b2fb9543f67886c8961', redirectTo=''}
  FileEntry{path='bg/9.jpg', hash='3ff82e93aaac394c8bea7d802589b85a70d2a9a0ffb195e9accc5c4057366941', redirectTo=''}
  FileEntry{path='bg/48.jpg', hash='751fb9be2170c0fcb936fb00fb6b0ba23efa5f9881f8314be9a7012cdbc6c80c', redirectTo=''}
  FileEntry{path='bg/119.jpg', hash='45ae667d52c81b4eddd6b36a3644832e5186795322d7843b7cfe17f3ef29bb90', redirectTo=''}
  FileEntry{path='bg/172.jpg', hash='9cf299559cc9a5c55535b69ed16aba21eeccf44991554e43f197a5ad18c04019', redirectTo=''}
  FileEntry{path='bg/19.jpg', hash='1dfca29c162fca60b881543cb478966ad6362128c907b32ba5ec6afc5c91eb05', redirectTo=''}
  FileEntry{path='bg/157.jpg', hash='493ad19bb318caaac449ccf7eb244fa0b54e3c7fabe08d1a07571a8797088fe2', redirectTo=''}
  FileEntry{path='bg/76.jpg', hash='2e09ed81d6d193fe1d36c10b7cef2e0c7cdaf5898432c053aad4ac944b7a578f', redirectTo=''}
  FileEntry{path='bg/106.jpg', hash='922eb565561eac2f69e6356be3f3d700829c0bc35276df8c95982ef169b0e1ba', redirectTo=''}
  FileEntry{path='bg/72.jpg', hash='bf39d7f8f03f3d76f0d80277ad8791dc9f36ca067dcac1dca4fe4c70415bdf83', redirectTo=''}
  FileEntry{path='bg/100.jpg', hash='50c795aa2ac3bcbf49a63fa173513a1b80754b972fba060a18b53c8bd8b74f2c', redirectTo=''}
  FileEntry{path='bg/160.jpg', hash='99d86a9874194e1a39c336b70c2ac10b1d5f1862dd5880cc76f08f6f8db3a95a', redirectTo=''}
  FileEntry{path='bg/29.jpg', hash='c6a737e151487f96be97380658761258d47487d7fb5b465db9ddb66c90ff604a', redirectTo=''}
  FileEntry{path='bg/73.jpg', hash='37603a9046339ee71e092a7f4ea23c47ff2d3178f801fcacf51882d5ebdfd604', redirectTo=''}
  FileEntry{path='bg/12.jpg', hash='6e7d38a204b9051936b8a1441e3dec893dc21f47394803f3f72b0507cb6cbdda', redirectTo=''}
  FileEntry{path='bg/74.jpg', hash='a8347f3ad0fc14c5e5b7b8256b390ccac5c110c57b87232641fd79e50d90b1b3', redirectTo=''}
  FileEntry{path='bg/158.jpg', hash='6dd3115bd344bb928f8bc86073f725017a74a224a61e00924f39e8553607a5fd', redirectTo=''}
  FileEntry{path='bg/52.jpg', hash='8717b9ab46476f803e0bf5609397c87389eeafc5dd341b068e55953de5d6d895', redirectTo=''}
  FileEntry{path='bg/185.jpg', hash='ca733da2e391b9ec37847fa8638024367f273bacc0de21c2742c063dc099ff40', redirectTo=''}
  FileEntry{path='bg/16.jpg', hash='bef37635a0ccc2647293643e56e82b38ded31967f48e2b0cfd6ac066dd9db26b', redirectTo=''}
  FileEntry{path='bg/34.jpg', hash='697cd74946e647a3ef02ed1206f83000df43179a9ee72cfa00b497e7bc00b574', redirectTo=''}
  FileEntry{path='bg/184.jpg', hash='c84b846015d43ede417ad307647f60a55c15c3fff6ddeeffadd566cb5670411e', redirectTo=''}
  FileEntry{path='bg/90.jpg', hash='99d86a9874194e1a39c336b70c2ac10b1d5f1862dd5880cc76f08f6f8db3a95a', redirectTo=''}
  FileEntry{path='bg/147.jpg', hash='37603a9046339ee71e092a7f4ea23c47ff2d3178f801fcacf51882d5ebdfd604', redirectTo=''}
  FileEntry{path='bg/125.jpg', hash='26be2b2dae1493fd6122125ee2e8b87c2679720c7e93d34df9c92b6e0e62e2b2', redirectTo=''}
  FileEntry{path='bg/118.jpg', hash='f25f3b30c1d8dfdd7d5f6397ee609edf73f78d47595b8b6de733edba2108725f', redirectTo=''}
  FileEntry{path='bg/93.jpg', hash='1684a408d24da1b8ef1e073e6874d0b7f0360189753d7e3220e24546ab8d8349', redirectTo=''}
  FileEntry{path='bg/63.jpg', hash='a977d81e82264de691014ac56da21bb4761f2c7bacc5c446708436626239b23e', redirectTo=''}
  FileEntry{path='bg/22.jpg', hash='47931066c5d9704789f3d90f94af1805cf30250810decb9ed82d6ae755b128b9', redirectTo=''}
  FileEntry{path='bg/152.jpg', hash='1684a408d24da1b8ef1e073e6874d0b7f0360189753d7e3220e24546ab8d8349', redirectTo=''}
  FileEntry{path='bg/97.jpg', hash='89f9b2897ce21499233dd5fa18964a91f4a2aaf85943a3fac11dbd2d96ed6a6b', redirectTo=''}
  FileEntry{path='bg/155.jpg', hash='21ffbde0f421b3a5bb07450755cb240ab742b1a5a9ff22c11409d7e029a22d9d', redirectTo=''}
  FileEntry{path='bg/145.jpg', hash='c0affd9f9c05678c9f450bc6b8b267553608e3fcb913249ccaac1a123c9074f9', redirectTo=''}
  FileEntry{path='bg/170.jpg', hash='97e8520d1d7aad6c5995cb8701a2b2f20effbe8f346cf9478c642bfa65fabc50', redirectTo=''}
  FileEntry{path='bg/117.jpg', hash='493ad19bb318caaac449ccf7eb244fa0b54e3c7fabe08d1a07571a8797088fe2', redirectTo=''}
  FileEntry{path='bg/131.jpg', hash='ec33baa1c0fededf4aae4de8f0f345291ad6801eb70d49b6df058d00e960bf09', redirectTo=''}
  FileEntry{path='bg/107.jpg', hash='2206cedf1e9f902ec8ab8c6c5b4d41571b3b21033b31b20868457c5cbcf18d7d', redirectTo=''}
  FileEntry{path='bg/166.jpg', hash='0433044b02635fa4e7a67c32e9b5a740d9f87615e8c13dc82d8692db58bc371e', redirectTo=''}
  FileEntry{path='bg/194.jpg', hash='d06da3da82e13ea6b0e215ee3e03cc83c320f4ec3d306aba4e0c79579d252c54', redirectTo=''}
  FileEntry{path='bg/4.jpg', hash='1c4dbfb59a35e0168f2c37025da1d624768c25d66378ca69825d706a6250fcd7', redirectTo=''}
  FileEntry{path='config/theoneprobe.cfg', hash='6d7d78de8dde817085449af4f339b49b7d645737ae61865363f7dda4c561969b', redirectTo=''}
}
[Dec 26, 2021 4:24:49][ServerSync] FINE: Creating new server socket
[Dec 26, 2021 4:24:49][ServerSync] INFO: Now accepting clients...
